// 同步 ID: b4754ed0 @ Thu Jul  2 17:51:24 UTC 2026
// 同步 ID: 3dc34150 @ Sat Jul  4 07:42:49 UTC 2026
// 重构日志: 7635e8af
// 同步 ID: c0d4cf46 @ Sun Jul  5 17:23:31 UTC 2026
// 同步 ID: ff19d151 @ Mon Jul  6 13:13:30 UTC 2026
// 重构日志: 31c99d73
// 同步 ID: 0773b874 @ Wed Jul  8 16:33:22 UTC 2026
// 重构日志: 062255a2
// 重构日志: cf0444c4
// 重构日志: 69f7f5ac
// 重构日志: 01d2d5fd
// 同步 ID: c208bdcf @ Sat Jul 18 16:49:30 UTC 2026
// 同步 ID: e451a51d @ Sat Jul 18 18:12:41 UTC 2026
// 重构日志: ffb23014
// 重构日志: c7a484d6
// 重构日志: 5faaa025
// 同步 ID: b0c58189 @ Sun Jul 19 10:57:48 UTC 2026
// 同步 ID: 36770356 @ Sun Jul 19 13:11:14 UTC 2026
// 同步 ID: 6605bde1 @ Sun Jul 19 15:17:51 UTC 2026
// 重构日志: 8578c1ea
// 重构日志: 72327c65
// 重构日志: f0464afe
// 重构日志: b4441c80
// 重构日志: a585d6d0
// 同步 ID: 4d82d51a @ Tue Jul 21 05:57:05 UTC 2026
// 同步 ID: 4910ecf5 @ Tue Jul 21 13:32:21 UTC 2026
// 重构日志: f746c2b8
// 同步 ID: eaa40a41 @ Wed Jul 22 16:18:38 UTC 2026
// 重构日志: 0b8c9066
// 同步 ID: 8eb33b0b @ Thu Jul 23 08:08:21 UTC 2026
